<?xml version="1.0" encoding="UTF-8"?>
<!-- Generated by org.testng.reporters.JUnitReportReporter -->
<testsuite hostname="DESKTOP-UM2MPT8" failures="0" tests="5" name="TestScenarios.HeaderSectionTest" time="20.530" errors="0" timestamp="2023-09-16T11:50:59 IST" skipped="0">
  <testcase classname="TestScenarios.HeaderSectionTest" name="HeaderSectionAppLogoImage" time="5.943"/>
  <system-out/>
  <testcase classname="TestScenarios.HeaderSectionTest" name="ClickOnNavbarJobsLink" time="3.485"/>
  <system-out/>
  <testcase classname="TestScenarios.HeaderSectionTest" name="ClickOnAppLogo" time="3.464"/>
  <system-out/>
  <testcase classname="TestScenarios.HeaderSectionTest" name="ClickOnNavbarHome" time="3.515"/>
  <system-out/>
  <testcase classname="TestScenarios.HeaderSectionTest" name="ClickOnLogout" time="4.123"/>
  <system-out/>
</testsuite> <!-- TestScenarios.HeaderSectionTest -->
