<?xml version="1.0" encoding="UTF-8"?>
<!-- Generated by org.testng.reporters.JUnitReportReporter -->
<testsuite hostname="DESKTOP-UM2MPT8" failures="0" tests="2" name="TestScenarios.HomePageTest" time="6.583" errors="0" timestamp="2023-09-16T11:50:59 IST" skipped="0">
  <testcase classname="TestScenarios.HomePageTest" name="HomePageHeadingText" time="3.231"/>
  <system-out/>
  <testcase classname="TestScenarios.HomePageTest" name="ClickOnFindJobFunctionality" time="3.352"/>
  <system-out/>
</testsuite> <!-- TestScenarios.HomePageTest -->
