<?xml version="1.0" encoding="UTF-8"?>
<!-- Generated by org.testng.reporters.JUnitReportReporter -->
<testsuite hostname="DESKTOP-UM2MPT8" failures="0" tests="6" name="TestScenarios.LoginPageTest" time="20.288" errors="0" timestamp="2023-09-16T11:50:59 IST" skipped="0">
  <testcase classname="TestScenarios.LoginPageTest" name="LoginPageUITest" time="2.035"/>
  <system-out/>
  <testcase classname="TestScenarios.LoginPageTest" name="SubmissionWithEmptyInput" time="2.972"/>
  <system-out/>
  <testcase classname="TestScenarios.LoginPageTest" name="SubmissionWithEmptyUsername" time="2.942"/>
  <system-out/>
  <testcase classname="TestScenarios.LoginPageTest" name="SubmissionWithEmptyPassword" time="5.601"/>
  <system-out/>
  <testcase classname="TestScenarios.LoginPageTest" name="SubmissionWithInvalidPassword" time="3.591"/>
  <system-out/>
  <testcase classname="TestScenarios.LoginPageTest" name="SuccessfulLogin" time="3.147"/>
  <system-out/>
</testsuite> <!-- TestScenarios.LoginPageTest -->
