<?xml version="1.0" encoding="UTF-8"?>
<!-- Generated by org.testng.reporters.JUnitReportReporter -->
<testsuite hostname="DESKTOP-UM2MPT8" failures="0" tests="8" name="TestScenarios.JobsPageTest" time="37.023" errors="0" timestamp="2023-09-16T11:50:59 IST" skipped="0">
  <testcase classname="TestScenarios.JobsPageTest" name="ProfileContainerUI" time="3.478"/>
  <system-out/>
  <testcase classname="TestScenarios.JobsPageTest" name="SuccessfulSearch" time="3.885"/>
  <system-out/>
  <testcase classname="TestScenarios.JobsPageTest" name="SuccessfulSearch" time="4.742"/>
  <system-out/>
  <testcase classname="TestScenarios.JobsPageTest" name="SuccessfulSearch" time="3.925"/>
  <system-out/>
  <testcase classname="TestScenarios.JobsPageTest" name="SuccessfulSearch" time="8.993"/>
  <system-out/>
  <testcase classname="TestScenarios.JobsPageTest" name="SuccessfulSearch" time="3.961"/>
  <system-out/>
  <testcase classname="TestScenarios.JobsPageTest" name="SuccessfulSearch" time="3.869"/>
  <system-out/>
  <testcase classname="TestScenarios.JobsPageTest" name="UnsuccessfulSearch" time="4.170"/>
  <system-out/>
</testsuite> <!-- TestScenarios.JobsPageTest -->
